<?xml version="1.0" encoding="UTF-8"?>
<!-- Generated by org.testng.reporters.JUnitReportReporter -->
<testsuite hostname="DESKTOP-LLLGMOJ" failures="0" tests="3" name="runner.TestRunner" time="91.190" errors="0" timestamp="2023-11-25T21:01:08 IST" skipped="0">
  <testcase classname="runner.TestRunner" name="runScenario" time="13.326"/>
  <system-out/>
  <testcase classname="runner.TestRunner" name="runScenario" time="73.337"/>
  <system-out/>
  <testcase classname="runner.TestRunner" name="runScenario" time="4.527"/>
  <system-out/>
</testsuite> <!-- runner.TestRunner -->
