<?xml version="1.0" encoding="UTF-8"?>
<!-- Generated by org.testng.reporters.JUnitReportReporter -->
<testsuite hostname="DESKTOP-LLLGMOJ" failures="0" tests="1" name="testscripts.TestLoginPage" time="38.764" errors="0" timestamp="24 Jan 2023 01:48:25 GMT">
  <testcase classname="testscripts.TestLoginPage" name="testVtigerLogin" time="38.764"/>
</testsuite> <!-- testscripts.TestLoginPage -->
