<?xml version="1.0" encoding="UTF-8"?>
<!-- Generated by org.testng.reporters.JUnitReportReporter -->
<testsuite hostname="DESKTOP-LLLGMOJ" failures="0" tests="1" name="utilities.DateUtility" time="0.120" errors="0" timestamp="12 Apr 2023 04:21:05 GMT">
  <testcase classname="utilities.DateUtility" name="tc" time="0.120"/>
</testsuite> <!-- utilities.DateUtility -->
