<?xml version="1.0" encoding="UTF-8"?>
<!-- Generated by org.testng.reporters.JUnitReportReporter -->
<testsuite hostname="DESKTOP-LLLGMOJ" failures="0" tests="3" name="runner.TestRunner" time="41.665" errors="0" timestamp="2023-11-11T19:56:32 IST" skipped="0">
  <testcase classname="runner.TestRunner" name="runScenario" time="26.231"/>
  <system-out/>
  <testcase classname="runner.TestRunner" name="runScenario" time="11.452"/>
  <system-out/>
  <testcase classname="runner.TestRunner" name="runScenario" time="3.982"/>
  <system-out/>
</testsuite> <!-- runner.TestRunner -->
