<?xml version="1.0" encoding="UTF-8"?>
<!-- Generated by org.testng.reporters.JUnitReportReporter -->
<testsuite hostname="DESKTOP-LLLGMOJ" failures="0" tests="2" name="testscripts.OrangeHrmLoginLogout" time="5.404" errors="0" timestamp="2023-11-08T20:26:22 IST" skipped="0">
  <testcase classname="testscripts.OrangeHrmLoginLogout" name="testLoginPage" time="0.022"/>
  <system-out/>
  <testcase classname="testscripts.OrangeHrmLoginLogout" name="testLogout" time="5.382"/>
  <system-out/>
</testsuite> <!-- testscripts.OrangeHrmLoginLogout -->
