<?xml version="1.0" encoding="UTF-8"?>
<!-- Generated by org.testng.reporters.JUnitReportReporter -->
<testsuite hostname="DESKTOP-LLLGMOJ" failures="0" tests="2" name="testscripts.OrangeHrmLoginLogout" time="5.276" errors="0" timestamp="2023-11-10T19:36:08 IST" skipped="0">
  <testcase classname="testscripts.OrangeHrmLoginLogout" name="testLoginPage" time="0.027"/>
  <system-out/>
  <testcase classname="testscripts.OrangeHrmLoginLogout" name="testLogout" time="5.249"/>
  <system-out/>
</testsuite> <!-- testscripts.OrangeHrmLoginLogout -->
